<?xml version="1.0" encoding="UTF-8" ?>
<testsuite failures="0" time="0.11" errors="0" skipped="0" tests="1" name="org.jboss.ejb3.cache.infinispan.DefaultCacheSourceTestCase">
  <properties>
    <property name="java.runtime.name" value="OpenJDK Runtime Environment"/>
    <property name="sun.boot.library.path" value="/usr/lib/jvm/java-6-openjdk/jre/lib/amd64"/>
    <property name="java.vm.version" value="17.0-b16"/>
    <property name="java.vm.vendor" value="Sun Microsystems Inc."/>
    <property name="java.vendor.url" value="http://java.sun.com/"/>
    <property name="path.separator" value=":"/>
    <property name="java.vm.name" value="OpenJDK 64-Bit Server VM"/>
    <property name="file.encoding.pkg" value="sun.io"/>
    <property name="user.country" value="US"/>
    <property name="sun.java.launcher" value="SUN_STANDARD"/>
    <property name="sun.os.patch.level" value="unknown"/>
    <property name="java.vm.specification.name" value="Java Virtual Machine Specification"/>
    <property name="user.dir" value="/home/paul/jboss/ejb3/jboss-ejb3-statefulcache/infinispan"/>
    <property name="java.runtime.version" value="1.6.0_20-b20"/>
    <property name="java.awt.graphicsenv" value="sun.awt.X11GraphicsEnvironment"/>
    <property name="basedir" value="/home/paul/jboss/ejb3/jboss-ejb3-statefulcache/infinispan"/>
    <property name="java.endorsed.dirs" value="/usr/lib/jvm/java-6-openjdk/jre/lib/endorsed"/>
    <property name="os.arch" value="amd64"/>
    <property name="surefire.real.class.path" value="/tmp/surefirebooter7725612126433104182.jar"/>
    <property name="java.io.tmpdir" value="/tmp"/>
    <property name="line.separator" value="
"/>
    <property name="java.vm.specification.vendor" value="Sun Microsystems Inc."/>
    <property name="os.name" value="Linux"/>
    <property name="sun.jnu.encoding" value="UTF-8"/>
    <property name="java.library.path" value="/usr/lib/jvm/java-6-openjdk/jre/lib/amd64/server:/usr/lib/jvm/java-6-openjdk/jre/lib/amd64:/usr/lib/jvm/java-6-openjdk/jre/../lib/amd64:/usr/java/packages/lib/amd64:/usr/lib/jni:/lib:/usr/lib"/>
    <property name="surefire.test.class.path" value="/home/paul/jboss/ejb3/jboss-ejb3-statefulcache/infinispan/target/test-classes:/home/paul/jboss/ejb3/jboss-ejb3-statefulcache/infinispan/target/classes:/home/paul/.m2/repository/org/jboss/ejb3/jboss-ejb3-core/1.5.2/jboss-ejb3-core-1.5.2.jar:/home/paul/.m2/repository/javassist/javassist/3.7.1.GA/javassist-3.7.1.GA.jar:/home/paul/.m2/repository/org/hibernate/hibernate-core/3.3.1.GA/hibernate-core-3.3.1.GA.jar:/home/paul/.m2/repository/antlr/antlr/2.7.6/antlr-2.7.6.jar:/home/paul/.m2/repository/commons-collections/commons-collections/3.1/commons-collections-3.1.jar:/home/paul/.m2/repository/dom4j/dom4j/1.6.1/dom4j-1.6.1.jar:/home/paul/.m2/repository/xml-apis/xml-apis/1.0.b2/xml-apis-1.0.b2.jar:/home/paul/.m2/repository/javax/transaction/jta/1.1/jta-1.1.jar:/home/paul/.m2/repository/org/slf4j/slf4j-api/1.5.2/slf4j-api-1.5.2.jar:/home/paul/.m2/repository/org/hibernate/hibernate-annotations/3.3.1.GA/hibernate-annotations-3.3.1.GA.jar:/home/paul/.m2/repository/org/hibernate/hibernate-commons-annotations/3.0.0.ga/hibernate-commons-annotations-3.0.0.ga.jar:/home/paul/.m2/repository/org/hibernate/ejb3-persistence/1.0.1.GA/ejb3-persistence-1.0.1.GA.jar:/home/paul/.m2/repository/commons-logging/commons-logging/1.0.4/commons-logging-1.0.4.jar:/home/paul/.m2/repository/org/hibernate/hibernate-entitymanager/3.3.2.GA/hibernate-entitymanager-3.3.2.GA.jar:/home/paul/.m2/repository/org/jboss/integration/jboss-jca-spi/5.0.3.GA/jboss-jca-spi-5.0.3.GA.jar:/home/paul/.m2/repository/org/jboss/metadata/jboss-metadata/1.0.4/jboss-metadata-1.0.4.jar:/home/paul/.m2/repository/org/jboss/javaee/jboss-transaction-api/1.0.1.GA/jboss-transaction-api-1.0.1.GA.jar:/home/paul/.m2/repository/org/jboss/jboss-mdr/2.0.0.GA/jboss-mdr-2.0.0.GA.jar:/home/paul/.m2/repository/sun-jaxb/jaxb-api/2.1.4/jaxb-api-2.1.4.jar:/home/paul/.m2/repository/org/jboss/logging/jboss-logging-spi/2.0.5.GA/jboss-logging-spi-2.0.5.GA.jar:/home/paul/.m2/repository/org/jboss/aop/jboss-aop/2.1.1.GA/jboss-aop-2.1.1.GA.jar:/home/paul/.m2/repository/org/apache/ant/ant/1.7.0/ant-1.7.0.jar:/home/paul/.m2/repository/org/apache/ant/ant-launcher/1.7.0/ant-launcher-1.7.0.jar:/home/paul/.m2/repository/org/jboss/jboss-reflect/2.0.2.GA/jboss-reflect-2.0.2.GA.jar:/home/paul/.m2/repository/qdox/qdox/1.6.1/qdox-1.6.1.jar:/home/paul/.m2/repository/log4j/log4j/1.2.14/log4j-1.2.14.jar:/home/paul/.m2/repository/org/jboss/logging/jboss-logging-log4j/2.0.5.GA/jboss-logging-log4j-2.0.5.GA.jar:/home/paul/.m2/repository/org/jboss/aop/jboss-aop-aspects/2.0.0.SP1/jboss-aop-aspects-2.0.0.SP1.jar:/home/paul/.m2/repository/bsh/bsh/1.3.0/bsh-1.3.0.jar:/home/paul/.m2/repository/org/jboss/cache/jbosscache-core/3.1.0.GA/jbosscache-core-3.1.0.GA.jar:/home/paul/.m2/repository/jgroups/jgroups/2.6.7.GA/jgroups-2.6.7.GA.jar:/home/paul/.m2/repository/org/jboss/aspects/jboss-remoting-aspects/1.0.2/jboss-remoting-aspects-1.0.2.jar:/home/paul/.m2/repository/jboss/jboss-serialization/1.0.3.GA/jboss-serialization-1.0.3.GA.jar:/home/paul/.m2/repository/org/jboss/remoting/jboss-remoting/2.4.0.CR2/jboss-remoting-2.4.0.CR2.jar:/home/paul/.m2/repository/org/jboss/aspects/jboss-transaction-aspects/1.0.0.GA/jboss-transaction-aspects-1.0.0.GA.jar:/home/paul/.m2/repository/org/jboss/aspects/jboss-security-aspects/1.0.0.GA/jboss-security-aspects-1.0.0.GA.jar:/home/paul/.m2/repository/org/jboss/javaee/jboss-jaspi-api/1.0.0.CR1/jboss-jaspi-api-1.0.0.CR1.jar:/home/paul/.m2/repository/javax/security/jacc/1.0/jacc-1.0.jar:/home/paul/.m2/repository/org/jboss/cluster/jboss-ha-client/1.1.1.GA/jboss-ha-client-1.1.1.GA.jar:/home/paul/.m2/repository/org/jboss/cluster/jboss-ha-server-api/1.1.1.GA/jboss-ha-server-api-1.1.1.GA.jar:/home/paul/.m2/repository/org/jboss/ejb3/jboss-ejb3-cache/1.0.0/jboss-ejb3-cache-1.0.0.jar:/home/paul/.m2/repository/org/jboss/ejb3/jboss-ejb3-common/1.0.1/jboss-ejb3-common-1.0.1.jar:/home/paul/.m2/repository/org/jboss/ejb3/jboss-ejb3-endpoint/0.1.0/jboss-ejb3-endpoint-0.1.0.jar:/home/paul/.m2/repository/org/jboss/ejb3/jboss-ejb3-jpa-int/1.0.0/jboss-ejb3-jpa-int-1.0.0.jar:/home/paul/.m2/repository/org/jboss/ejb3/jboss-ejb3-security/1.0.2/jboss-ejb3-security-1.0.2.jar:/home/paul/.m2/repository/org/jboss/aspects/jboss-current-invocation-aspects/1.0.0.CR1/jboss-current-invocation-aspects-1.0.0.CR1.jar:/home/paul/.m2/repository/org/jboss/ejb3/jboss-ejb3-timerservice-spi/1.0.2/jboss-ejb3-timerservice-spi-1.0.2.jar:/home/paul/.m2/repository/org/jboss/ejb3/jboss-ejb3-ext-api-impl/1.1.1/jboss-ejb3-ext-api-impl-1.1.1.jar:/home/paul/.m2/repository/org/jboss/ejb3/jboss-ejb3-interceptors/1.0.6/jboss-ejb3-interceptors-1.0.6.jar:/home/paul/.m2/repository/org/jboss/ejb3/jboss-ejb3-metadata/1.0.0/jboss-ejb3-metadata-1.0.0.jar:/home/paul/.m2/repository/org/jboss/ejb3/jboss-ejb3-proxy-impl/1.0.10/jboss-ejb3-proxy-impl-1.0.10.jar:/home/paul/.m2/repository/org/jboss/microcontainer/jboss-aop-mc-int/2.0.8.GA/jboss-aop-mc-int-2.0.8.GA.jar:/home/paul/.m2/repository/org/jboss/naming/jnpserver/5.0.0.CR1/jnpserver-5.0.0.CR1.jar:/home/paul/.m2/repository/org/jboss/ejb3/jboss-ejb3-proxy-clustered/1.0.3/jboss-ejb3-proxy-clustered-1.0.3.jar:/home/paul/.m2/repository/org/jboss/ejb3/jboss-ejb3-proxy-spi/1.0.0/jboss-ejb3-proxy-spi-1.0.0.jar:/home/paul/.m2/repository/org/jboss/ejb3/jboss-ejb3-transactions/1.0.2/jboss-ejb3-transactions-1.0.2.jar:/home/paul/.m2/repository/org/jboss/integration/jboss-transaction-spi/5.0.3.GA/jboss-transaction-spi-5.0.3.GA.jar:/home/paul/.m2/repository/oswego-concurrent/concurrent/1.3.4-jboss-update1/concurrent-1.3.4-jboss-update1.jar:/home/paul/.m2/repository/org/jboss/ejb3/async/jboss-ejb3-async-spi/1.0.0-alpha-5/jboss-ejb3-async-spi-1.0.0-alpha-5.jar:/home/paul/.m2/repository/org/jboss/ejb3/context/jboss-ejb3-context-spi/0.2.0/jboss-ejb3-context-spi-0.2.0.jar:/home/paul/.m2/repository/org/jboss/ejb3/context/jboss-ejb3-context-base/0.1.1/jboss-ejb3-context-base-0.1.1.jar:/home/paul/.m2/repository/org/jboss/ejb3/context/jboss-ejb3-context-naming/0.1.1/jboss-ejb3-context-naming-0.1.1.jar:/home/paul/.m2/repository/org/jboss/ejb3/ejbref/resolver/ejbref-resolver-spi/1.0.0-alpha-1/ejbref-resolver-spi-1.0.0-alpha-1.jar:/home/paul/.m2/repository/org/jboss/ejb3/timeout/jboss-ejb3-timeout-spi/0.2.0/jboss-ejb3-timeout-spi-0.2.0.jar:/home/paul/.m2/repository/org/jboss/ejb3/tx2/jboss-ejb3-tx2-aop/0.0.1/jboss-ejb3-tx2-aop-0.0.1.jar:/home/paul/.m2/repository/org/jboss/ejb3/tx2/jboss-ejb3-tx2-impl/0.0.1/jboss-ejb3-tx2-impl-0.0.1.jar:/home/paul/.m2/repository/org/jboss/ejb3/tx2/jboss-ejb3-tx2-spi/0.0.1/jboss-ejb3-tx2-spi-0.0.1.jar:/home/paul/.m2/repository/org/jboss/ejb3/vfs/jboss-ejb3-vfs-spi/1.0.0-alpha-1/jboss-ejb3-vfs-spi-1.0.0-alpha-1.jar:/home/paul/.m2/repository/org/jboss/ejb3/instantiator/jboss-ejb3-instantiator-spi/1.0.0-alpha-2/jboss-ejb3-instantiator-spi-1.0.0-alpha-2.jar:/home/paul/.m2/repository/org/jboss/javaee/jboss-ejb-api/3.0.0.CR1/jboss-ejb-api-3.0.0.CR1.jar:/home/paul/.m2/repository/jboss/jbossws/jboss-jaxrpc/1.0.4.GA/jboss-jaxrpc-1.0.4.GA.jar:/home/paul/.m2/repository/org/jboss/javaee/jboss-jacc-api/1.1.0.CR1/jboss-jacc-api-1.1.0.CR1.jar:/home/paul/.m2/repository/org/jboss/javaee/jboss-servlet-api/2.5.0.CR1/jboss-servlet-api-2.5.0.CR1.jar:/home/paul/.m2/repository/org/jboss/javaee/jboss-jca-api/1.5.0.CR1/jboss-jca-api-1.5.0.CR1.jar:/home/paul/.m2/repository/org/jboss/javaee/jboss-jms-api/1.1.0.CR1/jboss-jms-api-1.1.0.CR1.jar:/home/paul/.m2/repository/org/jboss/jpa/jboss-jpa-deployers/1.0.2-alpha-1/jboss-jpa-deployers-1.0.2-alpha-1.jar:/home/paul/.m2/repository/org/jboss/jpa/jboss-jpa-impl/1.0.0/jboss-jpa-impl-1.0.0.jar:/home/paul/.m2/repository/org/jboss/jpa/jboss-jpa-spi/1.0.0/jboss-jpa-spi-1.0.0.jar:/home/paul/.m2/repository/org/jboss/deployers/jboss-deployers-core-spi/2.0.0.CR5/jboss-deployers-core-spi-2.0.0.CR5.jar:/home/paul/.m2/repository/org/jboss/microcontainer/jboss-kernel/2.0.8.GA/jboss-kernel-2.0.8.GA.jar:/home/paul/.m2/repository/org/jboss/security/jboss-security-spi/2.0.3.SP1/jboss-security-spi-2.0.3.SP1.jar:/home/paul/.m2/repository/org/jboss/security/jbosssx/2.0.3.SP1/jbosssx-2.0.3.SP1.jar:/home/paul/.m2/repository/org/jboss/ws/jbossws-spi/1.0.3.GA/jbossws-spi-1.0.3.GA.jar:/home/paul/.m2/repository/quartz/quartz/1.6.0/quartz-1.6.0.jar:/home/paul/.m2/repository/sun-jaxws/jaxws-api/2.1.1/jaxws-api-2.1.1.jar:/home/paul/.m2/repository/sun-jaxws/jsr181-api/2.1.1/jsr181-api-2.1.1.jar:/home/paul/.m2/repository/trove/trove/1.0.2/trove-1.0.2.jar:/home/paul/.m2/repository/org/jboss/ejb3/jboss-ejb3-ext-api/1.1.2-SNAPSHOT/jboss-ejb3-ext-api-1.1.2-SNAPSHOT.jar:/home/paul/.m2/repository/org/jboss/cluster/jboss-ha-server-ispn/1.0.0.Alpha12/jboss-ha-server-ispn-1.0.0.Alpha12.jar:/home/paul/.m2/repository/org/infinispan/infinispan-core/4.2.0.ALPHA2/infinispan-core-4.2.0.ALPHA2.jar:/home/paul/.m2/repository/org/jgroups/jgroups/2.10.0.GA/jgroups-2.10.0.GA.jar:/home/paul/.m2/repository/org/jboss/marshalling/river/1.2.3.GA/river-1.2.3.GA.jar:/home/paul/.m2/repository/org/jboss/marshalling/marshalling-api/1.2.3.GA/marshalling-api-1.2.3.GA.jar:/home/paul/.m2/repository/org/rhq/helpers/rhq-pluginAnnotations/1.4.0.B01/rhq-pluginAnnotations-1.4.0.B01.jar:/home/paul/.m2/repository/i18nlog/i18nlog/1.0.9/i18nlog-1.0.9.jar:/home/paul/.m2/repository/org/jboss/ejb3/timeout/jboss-ejb3-timeout-3.1/0.2.1/jboss-ejb3-timeout-3.1-0.2.1.jar:/home/paul/.m2/repository/org/jboss/javaee/jboss-ejb-api_3.1/1.0-alpha-1/jboss-ejb-api_3.1-1.0-alpha-1.jar:/home/paul/.m2/repository/org/jboss/javaee/jboss-transaction-api_1.0/1.0-alpha-1/jboss-transaction-api_1.0-1.0-alpha-1.jar:/home/paul/.m2/repository/org/jboss/ws/native/jbossws-native-jaxrpc/3.0.4.GA/jbossws-native-jaxrpc-3.0.4.GA.jar:/home/paul/.m2/repository/org/jboss/ws/native/jbossws-native-saaj/3.0.4.GA/jbossws-native-saaj-3.0.4.GA.jar:/home/paul/.m2/repository/org/jboss/ejb3/instantiator/jboss-ejb3-instantiator-impl/1.0.0-alpha-2/jboss-ejb3-instantiator-impl-1.0.0-alpha-2.jar:/home/paul/.m2/repository/org/jboss/ejb3/jboss-ejb3-test/1.0.0/jboss-ejb3-test-1.0.0.jar:/home/paul/.m2/repository/org/jboss/deployers/jboss-deployers-spi/2.0.0.CR5/jboss-deployers-spi-2.0.0.CR5.jar:/home/paul/.m2/repository/org/jboss/jbossas/jboss-as-system-jmx/5.1.0.GA/jboss-as-system-jmx-5.1.0.GA.jar:/home/paul/.m2/repository/apache-xerces/xml-apis/2.9.1/xml-apis-2.9.1.jar:/home/paul/.m2/repository/org/jboss/jboss-common-core/2.2.14.GA/jboss-common-core-2.2.14.GA.jar:/home/paul/.m2/repository/org/jboss/jboss-vfs/2.1.2.GA/jboss-vfs-2.1.2.GA.jar:/home/paul/.m2/repository/org/jboss/jbossxb/2.0.1.GA/jbossxb-2.0.1.GA.jar:/home/paul/.m2/repository/wutka-dtdparser/dtdparser121/1.2.1/dtdparser121-1.2.1.jar:/home/paul/.m2/repository/javax/activation/activation/1.1.1/activation-1.1.1.jar:/home/paul/.m2/repository/org/jboss/deployers/jboss-deployers-impl/2.0.7.GA/jboss-deployers-impl-2.0.7.GA.jar:/home/paul/.m2/repository/org/jboss/cl/jboss-classloading/2.0.6.GA/jboss-classloading-2.0.6.GA.jar:/home/paul/.m2/repository/org/jboss/cl/jboss-classloader/2.0.6.GA/jboss-classloader-2.0.6.GA.jar:/home/paul/.m2/repository/org/jboss/deployers/jboss-deployers-structure-spi/2.0.7.GA/jboss-deployers-structure-spi-2.0.7.GA.jar:/home/paul/.m2/repository/org/jboss/deployers/jboss-deployers-client-spi/2.0.7.GA/jboss-deployers-client-spi-2.0.7.GA.jar:/home/paul/.m2/repository/org/jboss/integration/jboss-classloading-spi/5.0.3.GA/jboss-classloading-spi-5.0.3.GA.jar:/home/paul/.m2/repository/org/jboss/deployers/jboss-deployers-vfs/2.0.7.GA/jboss-deployers-vfs-2.0.7.GA.jar:/home/paul/.m2/repository/org/jboss/cl/jboss-classloading-vfs/2.0.6.GA/jboss-classloading-vfs-2.0.6.GA.jar:/home/paul/.m2/repository/org/jboss/deployers/jboss-deployers-core/2.0.7.GA/jboss-deployers-core-2.0.7.GA.jar:/home/paul/.m2/repository/org/jboss/deployers/jboss-deployers-client/2.0.7.GA/jboss-deployers-client-2.0.7.GA.jar:/home/paul/.m2/repository/org/jboss/deployers/jboss-deployers-vfs-spi/2.0.7.GA/jboss-deployers-vfs-spi-2.0.7.GA.jar:/home/paul/.m2/repository/stax/stax-api/1.0/stax-api-1.0.jar:/home/paul/.m2/repository/org/jboss/jbossas/jboss-as-j2se/5.1.0.GA/jboss-as-j2se-5.1.0.GA.jar:/home/paul/.m2/repository/org/jboss/bootstrap/jboss-bootstrap/1.0.0-Beta-3/jboss-bootstrap-1.0.0-Beta-3.jar:/home/paul/.m2/repository/org/jboss/man/jboss-managed/2.0.0.GA/jboss-managed-2.0.0.GA.jar:/home/paul/.m2/repository/org/jboss/jbossas/jboss-as-system/5.1.0.GA/jboss-as-system-5.1.0.GA.jar:/home/paul/.m2/repository/org/jboss/integration/jboss-profileservice-spi/5.1.0.GA/jboss-profileservice-spi-5.1.0.GA.jar:/home/paul/.m2/repository/org/jboss/man/jboss-metatype/2.1.0.SP1/jboss-metatype-2.1.0.SP1.jar:/home/paul/.m2/repository/org/jboss/jbossas/jboss-as-jmx/5.1.0.GA/jboss-as-jmx-5.1.0.GA.jar:/home/paul/.m2/repository/org/jboss/jbossas/jboss-as-j2se/5.1.0.GA/jboss-as-j2se-5.1.0.GA-tests.jar:/home/paul/.m2/repository/org/jboss/jbossas/jboss-as-mbeans/5.1.0.GA/jboss-as-mbeans-5.1.0.GA.jar:/home/paul/.m2/repository/bcel/bcel/5.1/bcel-5.1.jar:/home/paul/.m2/repository/org/jboss/test/jboss-test/1.1.4.GA/jboss-test-1.1.4.GA.jar:/home/paul/.m2/repository/org/apache/ant/ant-junit/1.7.0/ant-junit-1.7.0.jar:/home/paul/.m2/repository/jboss/profiler/jvmti/jboss-profiler-jvmti/1.0.0.CR5/jboss-profiler-jvmti-1.0.0.CR5.jar:/home/paul/.m2/repository/org/jboss/jbossas/jboss-server-manager/1.0.2.GA/jboss-server-manager-1.0.2.GA.jar:/home/paul/.m2/repository/org/jboss/naming/jnp-client/5.0.1.GA/jnp-client-5.0.1.GA.jar:/home/paul/.m2/repository/org/jboss/security/jbosssx-client/2.0.3.SP1/jbosssx-client-2.0.3.SP1.jar:/home/paul/.m2/repository/org/jboss/microcontainer/jboss-dependency/2.0.6.GA/jboss-dependency-2.0.6.GA.jar:/home/paul/.m2/repository/junit/junit/4.8.1/junit-4.8.1.jar:/home/paul/.m2/repository/org/easymock/easymock/3.0/easymock-3.0.jar:/home/paul/.m2/repository/cglib/cglib-nodep/2.2/cglib-nodep-2.2.jar:/home/paul/.m2/repository/org/objenesis/objenesis/1.2/objenesis-1.2.jar:"/>
    <property name="java.specification.name" value="Java Platform API Specification"/>
    <property name="java.class.version" value="50.0"/>
    <property name="sun.management.compiler" value="HotSpot 64-Bit Server Compiler"/>
    <property name="os.version" value="2.6.35-23-generic"/>
    <property name="user.home" value="/home/paul"/>
    <property name="user.timezone" value=""/>
    <property name="java.awt.printerjob" value="sun.print.PSPrinterJob"/>
    <property name="file.encoding" value="UTF-8"/>
    <property name="java.specification.version" value="1.6"/>
    <property name="user.name" value="paul"/>
    <property name="java.class.path" value="/home/paul/jboss/ejb3/jboss-ejb3-statefulcache/infinispan/target/test-classes:/home/paul/jboss/ejb3/jboss-ejb3-statefulcache/infinispan/target/classes:/home/paul/.m2/repository/org/jboss/ejb3/jboss-ejb3-core/1.5.2/jboss-ejb3-core-1.5.2.jar:/home/paul/.m2/repository/javassist/javassist/3.7.1.GA/javassist-3.7.1.GA.jar:/home/paul/.m2/repository/org/hibernate/hibernate-core/3.3.1.GA/hibernate-core-3.3.1.GA.jar:/home/paul/.m2/repository/antlr/antlr/2.7.6/antlr-2.7.6.jar:/home/paul/.m2/repository/commons-collections/commons-collections/3.1/commons-collections-3.1.jar:/home/paul/.m2/repository/dom4j/dom4j/1.6.1/dom4j-1.6.1.jar:/home/paul/.m2/repository/xml-apis/xml-apis/1.0.b2/xml-apis-1.0.b2.jar:/home/paul/.m2/repository/javax/transaction/jta/1.1/jta-1.1.jar:/home/paul/.m2/repository/org/slf4j/slf4j-api/1.5.2/slf4j-api-1.5.2.jar:/home/paul/.m2/repository/org/hibernate/hibernate-annotations/3.3.1.GA/hibernate-annotations-3.3.1.GA.jar:/home/paul/.m2/repository/org/hibernate/hibernate-commons-annotations/3.0.0.ga/hibernate-commons-annotations-3.0.0.ga.jar:/home/paul/.m2/repository/org/hibernate/ejb3-persistence/1.0.1.GA/ejb3-persistence-1.0.1.GA.jar:/home/paul/.m2/repository/commons-logging/commons-logging/1.0.4/commons-logging-1.0.4.jar:/home/paul/.m2/repository/org/hibernate/hibernate-entitymanager/3.3.2.GA/hibernate-entitymanager-3.3.2.GA.jar:/home/paul/.m2/repository/org/jboss/integration/jboss-jca-spi/5.0.3.GA/jboss-jca-spi-5.0.3.GA.jar:/home/paul/.m2/repository/org/jboss/metadata/jboss-metadata/1.0.4/jboss-metadata-1.0.4.jar:/home/paul/.m2/repository/org/jboss/javaee/jboss-transaction-api/1.0.1.GA/jboss-transaction-api-1.0.1.GA.jar:/home/paul/.m2/repository/org/jboss/jboss-mdr/2.0.0.GA/jboss-mdr-2.0.0.GA.jar:/home/paul/.m2/repository/sun-jaxb/jaxb-api/2.1.4/jaxb-api-2.1.4.jar:/home/paul/.m2/repository/org/jboss/logging/jboss-logging-spi/2.0.5.GA/jboss-logging-spi-2.0.5.GA.jar:/home/paul/.m2/repository/org/jboss/aop/jboss-aop/2.1.1.GA/jboss-aop-2.1.1.GA.jar:/home/paul/.m2/repository/org/apache/ant/ant/1.7.0/ant-1.7.0.jar:/home/paul/.m2/repository/org/apache/ant/ant-launcher/1.7.0/ant-launcher-1.7.0.jar:/home/paul/.m2/repository/org/jboss/jboss-reflect/2.0.2.GA/jboss-reflect-2.0.2.GA.jar:/home/paul/.m2/repository/qdox/qdox/1.6.1/qdox-1.6.1.jar:/home/paul/.m2/repository/log4j/log4j/1.2.14/log4j-1.2.14.jar:/home/paul/.m2/repository/org/jboss/logging/jboss-logging-log4j/2.0.5.GA/jboss-logging-log4j-2.0.5.GA.jar:/home/paul/.m2/repository/org/jboss/aop/jboss-aop-aspects/2.0.0.SP1/jboss-aop-aspects-2.0.0.SP1.jar:/home/paul/.m2/repository/bsh/bsh/1.3.0/bsh-1.3.0.jar:/home/paul/.m2/repository/org/jboss/cache/jbosscache-core/3.1.0.GA/jbosscache-core-3.1.0.GA.jar:/home/paul/.m2/repository/jgroups/jgroups/2.6.7.GA/jgroups-2.6.7.GA.jar:/home/paul/.m2/repository/org/jboss/aspects/jboss-remoting-aspects/1.0.2/jboss-remoting-aspects-1.0.2.jar:/home/paul/.m2/repository/jboss/jboss-serialization/1.0.3.GA/jboss-serialization-1.0.3.GA.jar:/home/paul/.m2/repository/org/jboss/remoting/jboss-remoting/2.4.0.CR2/jboss-remoting-2.4.0.CR2.jar:/home/paul/.m2/repository/org/jboss/aspects/jboss-transaction-aspects/1.0.0.GA/jboss-transaction-aspects-1.0.0.GA.jar:/home/paul/.m2/repository/org/jboss/aspects/jboss-security-aspects/1.0.0.GA/jboss-security-aspects-1.0.0.GA.jar:/home/paul/.m2/repository/org/jboss/javaee/jboss-jaspi-api/1.0.0.CR1/jboss-jaspi-api-1.0.0.CR1.jar:/home/paul/.m2/repository/javax/security/jacc/1.0/jacc-1.0.jar:/home/paul/.m2/repository/org/jboss/cluster/jboss-ha-client/1.1.1.GA/jboss-ha-client-1.1.1.GA.jar:/home/paul/.m2/repository/org/jboss/cluster/jboss-ha-server-api/1.1.1.GA/jboss-ha-server-api-1.1.1.GA.jar:/home/paul/.m2/repository/org/jboss/ejb3/jboss-ejb3-cache/1.0.0/jboss-ejb3-cache-1.0.0.jar:/home/paul/.m2/repository/org/jboss/ejb3/jboss-ejb3-common/1.0.1/jboss-ejb3-common-1.0.1.jar:/home/paul/.m2/repository/org/jboss/ejb3/jboss-ejb3-endpoint/0.1.0/jboss-ejb3-endpoint-0.1.0.jar:/home/paul/.m2/repository/org/jboss/ejb3/jboss-ejb3-jpa-int/1.0.0/jboss-ejb3-jpa-int-1.0.0.jar:/home/paul/.m2/repository/org/jboss/ejb3/jboss-ejb3-security/1.0.2/jboss-ejb3-security-1.0.2.jar:/home/paul/.m2/repository/org/jboss/aspects/jboss-current-invocation-aspects/1.0.0.CR1/jboss-current-invocation-aspects-1.0.0.CR1.jar:/home/paul/.m2/repository/org/jboss/ejb3/jboss-ejb3-timerservice-spi/1.0.2/jboss-ejb3-timerservice-spi-1.0.2.jar:/home/paul/.m2/repository/org/jboss/ejb3/jboss-ejb3-ext-api-impl/1.1.1/jboss-ejb3-ext-api-impl-1.1.1.jar:/home/paul/.m2/repository/org/jboss/ejb3/jboss-ejb3-interceptors/1.0.6/jboss-ejb3-interceptors-1.0.6.jar:/home/paul/.m2/repository/org/jboss/ejb3/jboss-ejb3-metadata/1.0.0/jboss-ejb3-metadata-1.0.0.jar:/home/paul/.m2/repository/org/jboss/ejb3/jboss-ejb3-proxy-impl/1.0.10/jboss-ejb3-proxy-impl-1.0.10.jar:/home/paul/.m2/repository/org/jboss/microcontainer/jboss-aop-mc-int/2.0.8.GA/jboss-aop-mc-int-2.0.8.GA.jar:/home/paul/.m2/repository/org/jboss/naming/jnpserver/5.0.0.CR1/jnpserver-5.0.0.CR1.jar:/home/paul/.m2/repository/org/jboss/ejb3/jboss-ejb3-proxy-clustered/1.0.3/jboss-ejb3-proxy-clustered-1.0.3.jar:/home/paul/.m2/repository/org/jboss/ejb3/jboss-ejb3-proxy-spi/1.0.0/jboss-ejb3-proxy-spi-1.0.0.jar:/home/paul/.m2/repository/org/jboss/ejb3/jboss-ejb3-transactions/1.0.2/jboss-ejb3-transactions-1.0.2.jar:/home/paul/.m2/repository/org/jboss/integration/jboss-transaction-spi/5.0.3.GA/jboss-transaction-spi-5.0.3.GA.jar:/home/paul/.m2/repository/oswego-concurrent/concurrent/1.3.4-jboss-update1/concurrent-1.3.4-jboss-update1.jar:/home/paul/.m2/repository/org/jboss/ejb3/async/jboss-ejb3-async-spi/1.0.0-alpha-5/jboss-ejb3-async-spi-1.0.0-alpha-5.jar:/home/paul/.m2/repository/org/jboss/ejb3/context/jboss-ejb3-context-spi/0.2.0/jboss-ejb3-context-spi-0.2.0.jar:/home/paul/.m2/repository/org/jboss/ejb3/context/jboss-ejb3-context-base/0.1.1/jboss-ejb3-context-base-0.1.1.jar:/home/paul/.m2/repository/org/jboss/ejb3/context/jboss-ejb3-context-naming/0.1.1/jboss-ejb3-context-naming-0.1.1.jar:/home/paul/.m2/repository/org/jboss/ejb3/ejbref/resolver/ejbref-resolver-spi/1.0.0-alpha-1/ejbref-resolver-spi-1.0.0-alpha-1.jar:/home/paul/.m2/repository/org/jboss/ejb3/timeout/jboss-ejb3-timeout-spi/0.2.0/jboss-ejb3-timeout-spi-0.2.0.jar:/home/paul/.m2/repository/org/jboss/ejb3/tx2/jboss-ejb3-tx2-aop/0.0.1/jboss-ejb3-tx2-aop-0.0.1.jar:/home/paul/.m2/repository/org/jboss/ejb3/tx2/jboss-ejb3-tx2-impl/0.0.1/jboss-ejb3-tx2-impl-0.0.1.jar:/home/paul/.m2/repository/org/jboss/ejb3/tx2/jboss-ejb3-tx2-spi/0.0.1/jboss-ejb3-tx2-spi-0.0.1.jar:/home/paul/.m2/repository/org/jboss/ejb3/vfs/jboss-ejb3-vfs-spi/1.0.0-alpha-1/jboss-ejb3-vfs-spi-1.0.0-alpha-1.jar:/home/paul/.m2/repository/org/jboss/ejb3/instantiator/jboss-ejb3-instantiator-spi/1.0.0-alpha-2/jboss-ejb3-instantiator-spi-1.0.0-alpha-2.jar:/home/paul/.m2/repository/org/jboss/javaee/jboss-ejb-api/3.0.0.CR1/jboss-ejb-api-3.0.0.CR1.jar:/home/paul/.m2/repository/jboss/jbossws/jboss-jaxrpc/1.0.4.GA/jboss-jaxrpc-1.0.4.GA.jar:/home/paul/.m2/repository/org/jboss/javaee/jboss-jacc-api/1.1.0.CR1/jboss-jacc-api-1.1.0.CR1.jar:/home/paul/.m2/repository/org/jboss/javaee/jboss-servlet-api/2.5.0.CR1/jboss-servlet-api-2.5.0.CR1.jar:/home/paul/.m2/repository/org/jboss/javaee/jboss-jca-api/1.5.0.CR1/jboss-jca-api-1.5.0.CR1.jar:/home/paul/.m2/repository/org/jboss/javaee/jboss-jms-api/1.1.0.CR1/jboss-jms-api-1.1.0.CR1.jar:/home/paul/.m2/repository/org/jboss/jpa/jboss-jpa-deployers/1.0.2-alpha-1/jboss-jpa-deployers-1.0.2-alpha-1.jar:/home/paul/.m2/repository/org/jboss/jpa/jboss-jpa-impl/1.0.0/jboss-jpa-impl-1.0.0.jar:/home/paul/.m2/repository/org/jboss/jpa/jboss-jpa-spi/1.0.0/jboss-jpa-spi-1.0.0.jar:/home/paul/.m2/repository/org/jboss/deployers/jboss-deployers-core-spi/2.0.0.CR5/jboss-deployers-core-spi-2.0.0.CR5.jar:/home/paul/.m2/repository/org/jboss/microcontainer/jboss-kernel/2.0.8.GA/jboss-kernel-2.0.8.GA.jar:/home/paul/.m2/repository/org/jboss/security/jboss-security-spi/2.0.3.SP1/jboss-security-spi-2.0.3.SP1.jar:/home/paul/.m2/repository/org/jboss/security/jbosssx/2.0.3.SP1/jbosssx-2.0.3.SP1.jar:/home/paul/.m2/repository/org/jboss/ws/jbossws-spi/1.0.3.GA/jbossws-spi-1.0.3.GA.jar:/home/paul/.m2/repository/quartz/quartz/1.6.0/quartz-1.6.0.jar:/home/paul/.m2/repository/sun-jaxws/jaxws-api/2.1.1/jaxws-api-2.1.1.jar:/home/paul/.m2/repository/sun-jaxws/jsr181-api/2.1.1/jsr181-api-2.1.1.jar:/home/paul/.m2/repository/trove/trove/1.0.2/trove-1.0.2.jar:/home/paul/.m2/repository/org/jboss/ejb3/jboss-ejb3-ext-api/1.1.2-SNAPSHOT/jboss-ejb3-ext-api-1.1.2-SNAPSHOT.jar:/home/paul/.m2/repository/org/jboss/cluster/jboss-ha-server-ispn/1.0.0.Alpha12/jboss-ha-server-ispn-1.0.0.Alpha12.jar:/home/paul/.m2/repository/org/infinispan/infinispan-core/4.2.0.ALPHA2/infinispan-core-4.2.0.ALPHA2.jar:/home/paul/.m2/repository/org/jgroups/jgroups/2.10.0.GA/jgroups-2.10.0.GA.jar:/home/paul/.m2/repository/org/jboss/marshalling/river/1.2.3.GA/river-1.2.3.GA.jar:/home/paul/.m2/repository/org/jboss/marshalling/marshalling-api/1.2.3.GA/marshalling-api-1.2.3.GA.jar:/home/paul/.m2/repository/org/rhq/helpers/rhq-pluginAnnotations/1.4.0.B01/rhq-pluginAnnotations-1.4.0.B01.jar:/home/paul/.m2/repository/i18nlog/i18nlog/1.0.9/i18nlog-1.0.9.jar:/home/paul/.m2/repository/org/jboss/ejb3/timeout/jboss-ejb3-timeout-3.1/0.2.1/jboss-ejb3-timeout-3.1-0.2.1.jar:/home/paul/.m2/repository/org/jboss/javaee/jboss-ejb-api_3.1/1.0-alpha-1/jboss-ejb-api_3.1-1.0-alpha-1.jar:/home/paul/.m2/repository/org/jboss/javaee/jboss-transaction-api_1.0/1.0-alpha-1/jboss-transaction-api_1.0-1.0-alpha-1.jar:/home/paul/.m2/repository/org/jboss/ws/native/jbossws-native-jaxrpc/3.0.4.GA/jbossws-native-jaxrpc-3.0.4.GA.jar:/home/paul/.m2/repository/org/jboss/ws/native/jbossws-native-saaj/3.0.4.GA/jbossws-native-saaj-3.0.4.GA.jar:/home/paul/.m2/repository/org/jboss/ejb3/instantiator/jboss-ejb3-instantiator-impl/1.0.0-alpha-2/jboss-ejb3-instantiator-impl-1.0.0-alpha-2.jar:/home/paul/.m2/repository/org/jboss/ejb3/jboss-ejb3-test/1.0.0/jboss-ejb3-test-1.0.0.jar:/home/paul/.m2/repository/org/jboss/deployers/jboss-deployers-spi/2.0.0.CR5/jboss-deployers-spi-2.0.0.CR5.jar:/home/paul/.m2/repository/org/jboss/jbossas/jboss-as-system-jmx/5.1.0.GA/jboss-as-system-jmx-5.1.0.GA.jar:/home/paul/.m2/repository/apache-xerces/xml-apis/2.9.1/xml-apis-2.9.1.jar:/home/paul/.m2/repository/org/jboss/jboss-common-core/2.2.14.GA/jboss-common-core-2.2.14.GA.jar:/home/paul/.m2/repository/org/jboss/jboss-vfs/2.1.2.GA/jboss-vfs-2.1.2.GA.jar:/home/paul/.m2/repository/org/jboss/jbossxb/2.0.1.GA/jbossxb-2.0.1.GA.jar:/home/paul/.m2/repository/wutka-dtdparser/dtdparser121/1.2.1/dtdparser121-1.2.1.jar:/home/paul/.m2/repository/javax/activation/activation/1.1.1/activation-1.1.1.jar:/home/paul/.m2/repository/org/jboss/deployers/jboss-deployers-impl/2.0.7.GA/jboss-deployers-impl-2.0.7.GA.jar:/home/paul/.m2/repository/org/jboss/cl/jboss-classloading/2.0.6.GA/jboss-classloading-2.0.6.GA.jar:/home/paul/.m2/repository/org/jboss/cl/jboss-classloader/2.0.6.GA/jboss-classloader-2.0.6.GA.jar:/home/paul/.m2/repository/org/jboss/deployers/jboss-deployers-structure-spi/2.0.7.GA/jboss-deployers-structure-spi-2.0.7.GA.jar:/home/paul/.m2/repository/org/jboss/deployers/jboss-deployers-client-spi/2.0.7.GA/jboss-deployers-client-spi-2.0.7.GA.jar:/home/paul/.m2/repository/org/jboss/integration/jboss-classloading-spi/5.0.3.GA/jboss-classloading-spi-5.0.3.GA.jar:/home/paul/.m2/repository/org/jboss/deployers/jboss-deployers-vfs/2.0.7.GA/jboss-deployers-vfs-2.0.7.GA.jar:/home/paul/.m2/repository/org/jboss/cl/jboss-classloading-vfs/2.0.6.GA/jboss-classloading-vfs-2.0.6.GA.jar:/home/paul/.m2/repository/org/jboss/deployers/jboss-deployers-core/2.0.7.GA/jboss-deployers-core-2.0.7.GA.jar:/home/paul/.m2/repository/org/jboss/deployers/jboss-deployers-client/2.0.7.GA/jboss-deployers-client-2.0.7.GA.jar:/home/paul/.m2/repository/org/jboss/deployers/jboss-deployers-vfs-spi/2.0.7.GA/jboss-deployers-vfs-spi-2.0.7.GA.jar:/home/paul/.m2/repository/stax/stax-api/1.0/stax-api-1.0.jar:/home/paul/.m2/repository/org/jboss/jbossas/jboss-as-j2se/5.1.0.GA/jboss-as-j2se-5.1.0.GA.jar:/home/paul/.m2/repository/org/jboss/bootstrap/jboss-bootstrap/1.0.0-Beta-3/jboss-bootstrap-1.0.0-Beta-3.jar:/home/paul/.m2/repository/org/jboss/man/jboss-managed/2.0.0.GA/jboss-managed-2.0.0.GA.jar:/home/paul/.m2/repository/org/jboss/jbossas/jboss-as-system/5.1.0.GA/jboss-as-system-5.1.0.GA.jar:/home/paul/.m2/repository/org/jboss/integration/jboss-profileservice-spi/5.1.0.GA/jboss-profileservice-spi-5.1.0.GA.jar:/home/paul/.m2/repository/org/jboss/man/jboss-metatype/2.1.0.SP1/jboss-metatype-2.1.0.SP1.jar:/home/paul/.m2/repository/org/jboss/jbossas/jboss-as-jmx/5.1.0.GA/jboss-as-jmx-5.1.0.GA.jar:/home/paul/.m2/repository/org/jboss/jbossas/jboss-as-j2se/5.1.0.GA/jboss-as-j2se-5.1.0.GA-tests.jar:/home/paul/.m2/repository/org/jboss/jbossas/jboss-as-mbeans/5.1.0.GA/jboss-as-mbeans-5.1.0.GA.jar:/home/paul/.m2/repository/bcel/bcel/5.1/bcel-5.1.jar:/home/paul/.m2/repository/org/jboss/test/jboss-test/1.1.4.GA/jboss-test-1.1.4.GA.jar:/home/paul/.m2/repository/org/apache/ant/ant-junit/1.7.0/ant-junit-1.7.0.jar:/home/paul/.m2/repository/jboss/profiler/jvmti/jboss-profiler-jvmti/1.0.0.CR5/jboss-profiler-jvmti-1.0.0.CR5.jar:/home/paul/.m2/repository/org/jboss/jbossas/jboss-server-manager/1.0.2.GA/jboss-server-manager-1.0.2.GA.jar:/home/paul/.m2/repository/org/jboss/naming/jnp-client/5.0.1.GA/jnp-client-5.0.1.GA.jar:/home/paul/.m2/repository/org/jboss/security/jbosssx-client/2.0.3.SP1/jbosssx-client-2.0.3.SP1.jar:/home/paul/.m2/repository/org/jboss/microcontainer/jboss-dependency/2.0.6.GA/jboss-dependency-2.0.6.GA.jar:/home/paul/.m2/repository/junit/junit/4.8.1/junit-4.8.1.jar:/home/paul/.m2/repository/org/easymock/easymock/3.0/easymock-3.0.jar:/home/paul/.m2/repository/cglib/cglib-nodep/2.2/cglib-nodep-2.2.jar:/home/paul/.m2/repository/org/objenesis/objenesis/1.2/objenesis-1.2.jar:"/>
    <property name="java.vm.specification.version" value="1.0"/>
    <property name="sun.arch.data.model" value="64"/>
    <property name="java.home" value="/usr/lib/jvm/java-6-openjdk/jre"/>
    <property name="java.specification.vendor" value="Sun Microsystems Inc."/>
    <property name="user.language" value="en"/>
    <property name="java.vm.info" value="mixed mode"/>
    <property name="java.version" value="1.6.0_20"/>
    <property name="java.ext.dirs" value="/usr/lib/jvm/java-6-openjdk/jre/lib/ext:/usr/java/packages/lib/ext"/>
    <property name="sun.boot.class.path" value="/usr/lib/jvm/java-6-openjdk/jre/lib/resources.jar:/usr/lib/jvm/java-6-openjdk/jre/lib/rt.jar:/usr/lib/jvm/java-6-openjdk/jre/lib/sunrsasign.jar:/usr/lib/jvm/java-6-openjdk/jre/lib/jsse.jar:/usr/lib/jvm/java-6-openjdk/jre/lib/jce.jar:/usr/lib/jvm/java-6-openjdk/jre/lib/charsets.jar:/usr/lib/jvm/java-6-openjdk/jre/lib/netx.jar:/usr/lib/jvm/java-6-openjdk/jre/lib/plugin.jar:/usr/lib/jvm/java-6-openjdk/jre/lib/rhino.jar:/usr/lib/jvm/java-6-openjdk/jre/classes"/>
    <property name="java.vendor" value="Sun Microsystems Inc."/>
    <property name="localRepository" value="/home/paul/.m2/repository"/>
    <property name="file.separator" value="/"/>
    <property name="java.vendor.url.bug" value="http://java.sun.com/cgi-bin/bugreport.cgi"/>
    <property name="sun.cpu.endian" value="little"/>
    <property name="sun.io.unicode.encoding" value="UnicodeLittle"/>
    <property name="sun.desktop" value="gnome"/>
    <property name="sun.cpu.isalist" value=""/>
  </properties>
  <testcase time="0.11" classname="org.jboss.ejb3.cache.infinispan.DefaultCacheSourceTestCase" name="getCache"/>
</testsuite>